app/build/intermediates/manifest_merge_blame_file/debug/manifest-merger-blame-debug-report.txt
1<?xml version="1.0" encoding="utf-8"?>
2<manifest xmlns:android="http://schemas.android.com/apk/res/android"
3    package="com.example.ui123"
4    android:versionCode="1"
5    android:versionName="1.0" >
6
7    <uses-sdk
8        android:minSdkVersion="16"
8-->src\main\AndroidManifest.xml
9        android:targetSdkVersion="29" />
9-->src\main\AndroidManifest.xml
10
11    <uses-permission android:name="android.permission.BLUETOOTH" />
11-->src\main\AndroidManifest.xml:5:5-68
11-->src\main\AndroidManifest.xml:5:22-65
12    <uses-permission android:name="android.permission.BLUETOOTH_ADMIN" />
12-->src\main\AndroidManifest.xml:6:5-74
12-->src\main\AndroidManifest.xml:6:22-71
13    <uses-permission android:name="android.permission.ACCESS_COARSE_LOCATION" />
13-->src\main\AndroidManifest.xml:7:5-81
13-->src\main\AndroidManifest.xml:7:22-78
14    <uses-permission android:name="android.permission.ACCESS_FINE_LOCATION" />
14-->src\main\AndroidManifest.xml:8:5-79
14-->src\main\AndroidManifest.xml:8:22-76
15    <uses-permission android:name="android.permission.READ_EXTERNAL_STORAGE" />
15-->src\main\AndroidManifest.xml:9:5-80
15-->src\main\AndroidManifest.xml:9:22-77
16    <uses-permission android:name="android.permission.WRITE_EXTERNAL_STORAGE" />
16-->src\main\AndroidManifest.xml:10:5-81
16-->src\main\AndroidManifest.xml:10:22-78
17
18    <application
18-->src\main\AndroidManifest.xml:16:5-35:19
19        android:allowBackup="true"
19-->src\main\AndroidManifest.xml:17:9-35
20        android:appComponentFactory="android.support.v4.app.CoreComponentFactory"
20-->[com.android.support:support-compat:28.0.0] AndroidManifest.xml:22:18-91
21        android:debuggable="true"
22        android:icon="@mipmap/ic_launcher"
22-->src\main\AndroidManifest.xml:18:9-43
23        android:label="@string/app_name"
23-->src\main\AndroidManifest.xml:19:9-41
24        android:roundIcon="@mipmap/ic_launcher_round"
24-->src\main\AndroidManifest.xml:20:9-54
25        android:supportsRtl="true"
25-->src\main\AndroidManifest.xml:21:9-35
26        android:testOnly="true"
27        android:theme="@style/Theme.Ui123" >
27-->src\main\AndroidManifest.xml:22:9-43
28        <activity android:name="com.example.ui123.activity_07" />
28-->src\main\AndroidManifest.xml:23:9-58
28-->src\main\AndroidManifest.xml:23:19-46
29        <activity android:name="com.example.ui123.activity_06" />
29-->src\main\AndroidManifest.xml:24:9-58
29-->src\main\AndroidManifest.xml:24:19-46
30        <activity android:name="com.example.ui123.activity_05" />
30-->src\main\AndroidManifest.xml:25:9-58
30-->src\main\AndroidManifest.xml:25:19-46
31        <activity android:name="com.example.ui123.Musicselect" />
31-->src\main\AndroidManifest.xml:26:9-58
31-->src\main\AndroidManifest.xml:26:19-46
32        <activity android:name="com.example.ui123.Ui1" />
32-->src\main\AndroidManifest.xml:27:9-50
32-->src\main\AndroidManifest.xml:27:19-38
33        <activity android:name="com.example.ui123.MainActivity" >
33-->src\main\AndroidManifest.xml:28:9-34:20
33-->src\main\AndroidManifest.xml:28:19-47
34            <intent-filter>
34-->src\main\AndroidManifest.xml:29:13-33:29
35                <action android:name="android.intent.action.MAIN" />
35-->src\main\AndroidManifest.xml:30:17-69
35-->src\main\AndroidManifest.xml:30:25-66
36
37                <category android:name="android.intent.category.LAUNCHER" />
37-->src\main\AndroidManifest.xml:32:17-77
37-->src\main\AndroidManifest.xml:32:27-74
38            </intent-filter>
39        </activity>
40    </application>
41
42</manifest>